<?xml version="1.0" encoding="UTF-8"?>
<!-- Generated by org.testng.reporters.JUnitXMLReporter -->
<testsuite hostname="DESKTOP-2RU3L8F" ignored="0" name="Test" tests="3" failures="0" timestamp="31 Mar 2019 02:25:24 GMT" time="0.028" errors="0">
  <testcase name="Login" time="0.001" classname="Git_Jenkins.Integration.TestNGExample3"/>
  <testcase name="AccountEnquiry" time="0.0" classname="Git_Jenkins.Integration.TestNGExample3"/>
  <testcase name="Reporting" time="0.0" classname="Git_Jenkins.Integration.TestNGExample3"/>
</testsuite> <!-- Test -->
