<?xml version="1.0" encoding="UTF-8"?>
<testng-results skipped="0" failed="0" ignored="0" total="3" passed="3">
  <reporter-output>
  </reporter-output>
  <suite name="Suite" duration-ms="28" started-at="2019-03-31T02:25:24Z" finished-at="2019-03-31T02:25:24Z">
    <groups>
    </groups>
    <test name="Test" duration-ms="28" started-at="2019-03-31T02:25:24Z" finished-at="2019-03-31T02:25:24Z">
      <class name="Git_Jenkins.Integration.TestNGExample3">
        <test-method status="PASS" signature="BeforeMethod()[pri:0, instance:Git_Jenkins.Integration.TestNGExample3@6615435c]" name="BeforeMethod" is-config="true" duration-ms="6" started-at="2019-03-31T02:25:24Z" finished-at="2019-03-31T02:25:24Z">
          <reporter-output>
          </reporter-output>
        </test-method> <!-- BeforeMethod -->
        <test-method status="PASS" signature="Login()[pri:0, instance:Git_Jenkins.Integration.TestNGExample3@6615435c]" name="Login" duration-ms="1" started-at="2019-03-31T02:25:24Z" finished-at="2019-03-31T02:25:24Z">
          <reporter-output>
          </reporter-output>
        </test-method> <!-- Login -->
        <test-method status="PASS" signature="AfterMethod()[pri:0, instance:Git_Jenkins.Integration.TestNGExample3@6615435c]" name="AfterMethod" is-config="true" duration-ms="0" started-at="2019-03-31T02:25:24Z" finished-at="2019-03-31T02:25:24Z">
          <reporter-output>
          </reporter-output>
        </test-method> <!-- AfterMethod -->
        <test-method status="PASS" signature="AccountEnquiry()[pri:1, instance:Git_Jenkins.Integration.TestNGExample3@6615435c]" name="AccountEnquiry" duration-ms="0" started-at="2019-03-31T02:25:24Z" finished-at="2019-03-31T02:25:24Z">
          <reporter-output>
          </reporter-output>
        </test-method> <!-- AccountEnquiry -->
        <test-method status="PASS" signature="BeforeMethod()[pri:0, instance:Git_Jenkins.Integration.TestNGExample3@6615435c]" name="BeforeMethod" is-config="true" duration-ms="0" started-at="2019-03-31T02:25:24Z" finished-at="2019-03-31T02:25:24Z">
          <reporter-output>
          </reporter-output>
        </test-method> <!-- BeforeMethod -->
        <test-method status="PASS" signature="AfterMethod()[pri:0, instance:Git_Jenkins.Integration.TestNGExample3@6615435c]" name="AfterMethod" is-config="true" duration-ms="0" started-at="2019-03-31T02:25:24Z" finished-at="2019-03-31T02:25:24Z">
          <reporter-output>
          </reporter-output>
        </test-method> <!-- AfterMethod -->
        <test-method status="PASS" signature="BeforeMethod()[pri:0, instance:Git_Jenkins.Integration.TestNGExample3@6615435c]" name="BeforeMethod" is-config="true" duration-ms="0" started-at="2019-03-31T02:25:24Z" finished-at="2019-03-31T02:25:24Z">
          <reporter-output>
          </reporter-output>
        </test-method> <!-- BeforeMethod -->
        <test-method status="PASS" signature="Reporting()[pri:2, instance:Git_Jenkins.Integration.TestNGExample3@6615435c]" name="Reporting" duration-ms="0" started-at="2019-03-31T02:25:24Z" finished-at="2019-03-31T02:25:24Z">
          <reporter-output>
          </reporter-output>
        </test-method> <!-- Reporting -->
        <test-method status="PASS" signature="AfterMethod()[pri:0, instance:Git_Jenkins.Integration.TestNGExample3@6615435c]" name="AfterMethod" is-config="true" duration-ms="0" started-at="2019-03-31T02:25:24Z" finished-at="2019-03-31T02:25:24Z">
          <reporter-output>
          </reporter-output>
        </test-method> <!-- AfterMethod -->
      </class> <!-- Git_Jenkins.Integration.TestNGExample3 -->
    </test> <!-- Test -->
  </suite> <!-- Suite -->
</testng-results>
